515   execve("./bin/calculator", ["./bin/calculator", "testfile.txt"], 0x7ffe66b4b8b0 /* 27 vars */) = 0
515   brk(NULL)                         = 0x634a0aacc000
515   mmap(NULL, 8192, PROT_READ|PROT_WRITE, MAP_PRIVATE|MAP_ANONYMOUS, -1, 0) = 0x73c6852b5000
515   access("/etc/ld.so.preload", R_OK) = -1 ENOENT (No such file or directory)
515   openat(AT_FDCWD, "/etc/ld.so.cache", O_RDONLY|O_CLOEXEC) = 3
515   fstat(3, {st_mode=S_IFREG|0644, st_size=20571, ...}) = 0
515   mmap(NULL, 20571, PROT_READ, MAP_PRIVATE, 3, 0) = 0x73c6852af000
515   close(3)                          = 0
515   openat(AT_FDCWD, "/lib/x86_64-linux-gnu/libc.so.6", O_RDONLY|O_CLOEXEC) = 3
515   read(3, "\177ELF\2\1\1\3\0\0\0\0\0\0\0\0\3\0>\0\1\0\0\0\220\243\2\0\0\0\0\0@\0\0\0\0\0\0\0\20^ \0\0\0\0\0\0\0\0\0@\08\0\16\0@\0@\0?\0\6\0\0\0\4\0\0\0@\0\0\0\0\0\0\0@\0\0\0\0\0\0\0@\0\0\0\0\0\0\0\20\3\0\0\0\0\0\0\20\3\0\0\0\0\0\0\10\0\0\0\0\0\0\0\3\0\0\0\4\0\0\0\240g\35\0\0\0\0\0\240g\35\0\0\0\0\0\240g\35\0\0\0\0\0\34\0\0\0\0\0\0\0\34\0\0\0\0\0\0\0\20\0\0\0\0\0\0\0\1\0\0\0\4\0\0\0\0\0\0\0\0\0\0\0\0\0\0\0\0\0\0\0\0\0\0\0\0\0\0\0\220s\2\0\0\0\0\0\220s\2\0\0\0\0\0\0\20\0\0\0\0\0\0\1\0\0\0\5\0\0\0\0\200\2\0\0\0\0\0\0\200\2\0\0\0\0\0\0\200\2\0\0\0\0\0\371|\30\0\0\0\0\0\371|\30\0\0\0\0\0\0\20\0\0\0\0\0\0\1\0\0\0\4\0\0\0\0\0\33\0\0\0\0\0\0\0\33\0\0\0\0\0\0\0\33\0\0\0\0\0\202\340\4\0\0\0\0\0\202\340\4\0\0\0\0\0\0\20\0\0\0\0\0\0\1\0\0\0\6\0\0\0`\354\37\0\0\0\0\0`\374\37\0\0\0\0\0`\374\37\0\0\0\0\0hJ\0\0\0\0\0\0000!\1\0\0\0\0\0\0\20\0\0\0\0\0\0\2\0\0\0\6\0\0\0@\31 \0\0\0\0\0@) \0\0\0\0\0@) \0\0\0\0\0@\2\0\0\0\0\0\0@\2\0\0\0\0\0\0\10\0\0\0\0\0\0\0\4\0\0\0\4\0\0\0P\3\0\0\0\0\0\0P\3\0\0\0\0\0\0P\3\0\0\0\0\0\0000\0\0\0\0\0\0\0000\0\0\0\0\0\0\0\10\0\0\0\0\0\0\0"..., 832) = 832
515   pread64(3, "\6\0\0\0\4\0\0\0@\0\0\0\0\0\0\0@\0\0\0\0\0\0\0@\0\0\0\0\0\0\0\20\3\0\0\0\0\0\0\20\3\0\0\0\0\0\0\10\0\0\0\0\0\0\0\3\0\0\0\4\0\0\0\240g\35\0\0\0\0\0\240g\35\0\0\0\0\0\240g\35\0\0\0\0\0\34\0\0\0\0\0\0\0\34\0\0\0\0\0\0\0\20\0\0\0\0\0\0\0\1\0\0\0\4\0\0\0\0\0\0\0\0\0\0\0\0\0\0\0\0\0\0\0\0\0\0\0\0\0\0\0\220s\2\0\0\0\0\0\220s\2\0\0\0\0\0\0\20\0\0\0\0\0\0\1\0\0\0\5\0\0\0\0\200\2\0\0\0\0\0\0\200\2\0\0\0\0\0\0\200\2\0\0\0\0\0\371|\30\0\0\0\0\0\371|\30\0\0\0\0\0\0\20\0\0\0\0\0\0\1\0\0\0\4\0\0\0\0\0\33\0\0\0\0\0\0\0\33\0\0\0\0\0\0\0\33\0\0\0\0\0\202\340\4\0\0\0\0\0\202\340\4\0\0\0\0\0\0\20\0\0\0\0\0\0\1\0\0\0\6\0\0\0`\354\37\0\0\0\0\0`\374\37\0\0\0\0\0`\374\37\0\0\0\0\0hJ\0\0\0\0\0\0000!\1\0\0\0\0\0\0\20\0\0\0\0\0\0\2\0\0\0\6\0\0\0@\31 \0\0\0\0\0@) \0\0\0\0\0@) \0\0\0\0\0@\2\0\0\0\0\0\0@\2\0\0\0\0\0\0\10\0\0\0\0\0\0\0\4\0\0\0\4\0\0\0P\3\0\0\0\0\0\0P\3\0\0\0\0\0\0P\3\0\0\0\0\0\0000\0\0\0\0\0\0\0000\0\0\0\0\0\0\0\10\0\0\0\0\0\0\0\4\0\0\0\4\0\0\0\200\3\0\0\0\0\0\0\200\3\0\0\0\0\0\0\200\3\0\0\0\0\0\0D\0\0\0\0\0\0\0D\0\0\0\0\0\0\0\4\0\0\0\0\0\0\0\7\0\0\0\4\0\0\0"..., 784, 64) = 784
515   fstat(3, {st_mode=S_IFREG|0755, st_size=2125328, ...}) = 0
515   pread64(3, "\6\0\0\0\4\0\0\0@\0\0\0\0\0\0\0@\0\0\0\0\0\0\0@\0\0\0\0\0\0\0\20\3\0\0\0\0\0\0\20\3\0\0\0\0\0\0\10\0\0\0\0\0\0\0\3\0\0\0\4\0\0\0\240g\35\0\0\0\0\0\240g\35\0\0\0\0\0\240g\35\0\0\0\0\0\34\0\0\0\0\0\0\0\34\0\0\0\0\0\0\0\20\0\0\0\0\0\0\0\1\0\0\0\4\0\0\0\0\0\0\0\0\0\0\0\0\0\0\0\0\0\0\0\0\0\0\0\0\0\0\0\220s\2\0\0\0\0\0\220s\2\0\0\0\0\0\0\20\0\0\0\0\0\0\1\0\0\0\5\0\0\0\0\200\2\0\0\0\0\0\0\200\2\0\0\0\0\0\0\200\2\0\0\0\0\0\371|\30\0\0\0\0\0\371|\30\0\0\0\0\0\0\20\0\0\0\0\0\0\1\0\0\0\4\0\0\0\0\0\33\0\0\0\0\0\0\0\33\0\0\0\0\0\0\0\33\0\0\0\0\0\202\340\4\0\0\0\0\0\202\340\4\0\0\0\0\0\0\20\0\0\0\0\0\0\1\0\0\0\6\0\0\0`\354\37\0\0\0\0\0`\374\37\0\0\0\0\0`\374\37\0\0\0\0\0hJ\0\0\0\0\0\0000!\1\0\0\0\0\0\0\20\0\0\0\0\0\0\2\0\0\0\6\0\0\0@\31 \0\0\0\0\0@) \0\0\0\0\0@) \0\0\0\0\0@\2\0\0\0\0\0\0@\2\0\0\0\0\0\0\10\0\0\0\0\0\0\0\4\0\0\0\4\0\0\0P\3\0\0\0\0\0\0P\3\0\0\0\0\0\0P\3\0\0\0\0\0\0000\0\0\0\0\0\0\0000\0\0\0\0\0\0\0\10\0\0\0\0\0\0\0\4\0\0\0\4\0\0\0\200\3\0\0\0\0\0\0\200\3\0\0\0\0\0\0\200\3\0\0\0\0\0\0D\0\0\0\0\0\0\0D\0\0\0\0\0\0\0\4\0\0\0\0\0\0\0\7\0\0\0\4\0\0\0"..., 784, 64) = 784
515   mmap(NULL, 2170256, PROT_READ, MAP_PRIVATE|MAP_DENYWRITE, 3, 0) = 0x73c685000000
515   mmap(0x73c685028000, 1605632, PROT_READ|PROT_EXEC, MAP_PRIVATE|MAP_FIXED|MAP_DENYWRITE, 3, 0x28000) = 0x73c685028000
515   mmap(0x73c6851b0000, 323584, PROT_READ, MAP_PRIVATE|MAP_FIXED|MAP_DENYWRITE, 3, 0x1b0000) = 0x73c6851b0000
515   mmap(0x73c6851ff000, 24576, PROT_READ|PROT_WRITE, MAP_PRIVATE|MAP_FIXED|MAP_DENYWRITE, 3, 0x1fe000) = 0x73c6851ff000
515   mmap(0x73c685205000, 52624, PROT_READ|PROT_WRITE, MAP_PRIVATE|MAP_FIXED|MAP_ANONYMOUS, -1, 0) = 0x73c685205000
515   close(3)                          = 0
515   mmap(NULL, 12288, PROT_READ|PROT_WRITE, MAP_PRIVATE|MAP_ANONYMOUS, -1, 0) = 0x73c6852ac000
515   arch_prctl(ARCH_SET_FS, 0x73c6852ac740) = 0
515   set_tid_address(0x73c6852aca10)   = 515
515   set_robust_list(0x73c6852aca20, 24) = 0
515   rseq(0x73c6852ad060, 0x20, 0, 0x53053053) = 0
515   mprotect(0x73c6851ff000, 16384, PROT_READ) = 0
515   mprotect(0x6349d9d30000, 4096, PROT_READ) = 0
515   mprotect(0x73c6852ed000, 8192, PROT_READ) = 0
515   prlimit64(0, RLIMIT_STACK, NULL, {rlim_cur=8192*1024, rlim_max=RLIM64_INFINITY}) = 0
515   munmap(0x73c6852af000, 20571)     = 0
515   rt_sigaction(SIGUSR1, {sa_handler=0x6349d9d2df10, sa_mask=[], sa_flags=SA_RESTORER|SA_INTERRUPT|SA_NODEFER|SA_RESETHAND|0xffffffff00000000, sa_restorer=0x73c685045330}, {sa_handler=SIG_DFL, sa_mask=[], sa_flags=0}, 8) = 0
515   openat(AT_FDCWD, "testfile.txt", O_RDONLY) = 3
515   pipe2([4, 5], 0)                  = 0
515   clone(child_stack=NULL, flags=CLONE_CHILD_CLEARTID|CLONE_CHILD_SETTID|SIGCHLD, child_tidptr=0x73c6852aca10) = 516
516   set_robust_list(0x73c6852aca20, 24 <unfinished ...>
515   close(4 <unfinished ...>
516   <... set_robust_list resumed>)    = 0
515   <... close resumed>)              = 0
516   close(5 <unfinished ...>
515   write(1, "\320\240\320\276\320\264\320\270\321\202\320\265\320\273\321\214\321\201\320\272\320\270\320\271 \320\277\321\200\320\276\321\206\320\265\321\201\321\201 PID: ", 45 <unfinished ...>
516   <... close resumed>)              = 0
515   <... write resumed>)              = 45
516   dup2(4, 0 <unfinished ...>
515   getpid( <unfinished ...>
516   <... dup2 resumed>)               = 0
515   <... getpid resumed>)             = 515
516   close(4 <unfinished ...>
515   write(1, "515", 3 <unfinished ...>
516   <... close resumed>)              = 0
515   <... write resumed>)              = 3
516   write(1, "\320\224\320\276\321\207\320\265\321\200\320\275\320\270\320\271 \320\277\321\200\320\276\321\206\320\265\321\201\321\201 PID: ", 37 <unfinished ...>
515   write(1, "\n\320\224\320\276\321\207\320\265\321\200\320\275\320\270\320\271 \320\277\321\200\320\276\321\206\320\265\321\201\321\201 PID: ", 38 <unfinished ...>
516   <... write resumed>)              = 37
515   <... write resumed>)              = 38
516   getpid( <unfinished ...>
515   write(1, "516", 3 <unfinished ...>
516   <... getpid resumed>)             = 516
515   <... write resumed>)              = 3
516   write(1, "516", 3 <unfinished ...>
515   write(1, "\n\320\244\320\260\320\271\320\273: ", 11 <unfinished ...>
516   <... write resumed>)              = 3
515   <... write resumed>)              = 11
516   write(1, " (\321\200\320\276\320\264\320\270\321\202\320\265\320\273\321\214: ", 20 <unfinished ...>
515   write(1, "testfile.txt", 12 <unfinished ...>
516   <... write resumed>)              = 20
515   <... write resumed>)              = 12
516   getppid( <unfinished ...>
515   write(1, "\n\n", 2 <unfinished ...>
516   <... getppid resumed>)            = 515
515   <... write resumed>)              = 2
516   write(1, "515", 3 <unfinished ...>
515   read(3,  <unfinished ...>
516   <... write resumed>)              = 3
516   write(1, ")\n", 2 <unfinished ...>
515   <... read resumed>"100 2 5\n64 4 2 2\n100 0 5\n81 3 3\n120 10 3\n", 1023) = 41
516   <... write resumed>)              = 2
515   write(1, "\320\240\320\276\320\264\320\270\321\202\320\265\320\273\321\214: \320\236\321\202\320\277\321\200\320\260\320\262\320\272\320\260 \320\272\320\276\320\274\320\260\320\275\320\264\321\213 ", 50 <unfinished ...>
516   read(0,  <unfinished ...>
515   <... write resumed>)              = 50
515   write(1, "1", 1)                  = 1
515   write(1, ": ", 2)                 = 2
515   write(1, "100 2 5", 7)            = 7
515   write(1, "\n", 1)                 = 1
515   write(5, "100 2 5", 7)            = 7
516   <... read resumed>"100 2 5", 1023) = 7
515   write(5, "\n", 1 <unfinished ...>
516   read(0,  <unfinished ...>
515   <... write resumed>)              = 1
516   <... read resumed>"\n", 1023)     = 1
515   clock_nanosleep(CLOCK_REALTIME, 0, {tv_sec=1, tv_nsec=0},  <unfinished ...>
516   read(0,  <unfinished ...>
515   <... clock_nanosleep resumed>0x7ffe89b38070) = 0
515   write(1, "\320\240\320\276\320\264\320\270\321\202\320\265\320\273\321\214: \320\236\321\202\320\277\321\200\320\260\320\262\320\272\320\260 \320\272\320\276\320\274\320\260\320\275\320\264\321\213 ", 50) = 50
515   write(1, "2", 1)                  = 1
515   write(1, ": ", 2)                 = 2
515   write(1, "64 4 2 2", 8)           = 8
515   write(1, "\n", 1)                 = 1
515   write(5, "64 4 2 2", 8)           = 8
516   <... read resumed>"64 4 2 2", 1023) = 8
515   write(5, "\n", 1 <unfinished ...>
516   read(0,  <unfinished ...>
515   <... write resumed>)              = 1
516   <... read resumed>"\n", 1023)     = 1
515   clock_nanosleep(CLOCK_REALTIME, 0, {tv_sec=1, tv_nsec=0},  <unfinished ...>
516   read(0,  <unfinished ...>
515   <... clock_nanosleep resumed>0x7ffe89b38070) = 0
515   write(1, "\320\240\320\276\320\264\320\270\321\202\320\265\320\273\321\214: \320\236\321\202\320\277\321\200\320\260\320\262\320\272\320\260 \320\272\320\276\320\274\320\260\320\275\320\264\321\213 ", 50) = 50
515   write(1, "3", 1)                  = 1
515   write(1, ": ", 2)                 = 2
515   write(1, "100 0 5", 7)            = 7
515   write(1, "\n", 1)                 = 1
515   write(5, "100 0 5", 7)            = 7
516   <... read resumed>"100 0 5", 1023) = 7
515   write(5, "\n", 1 <unfinished ...>
516   read(0,  <unfinished ...>
515   <... write resumed>)              = 1
516   <... read resumed>"\n", 1023)     = 1
515   clock_nanosleep(CLOCK_REALTIME, 0, {tv_sec=1, tv_nsec=0},  <unfinished ...>
516   read(0,  <unfinished ...>
515   <... clock_nanosleep resumed>0x7ffe89b38070) = 0
515   write(1, "\320\240\320\276\320\264\320\270\321\202\320\265\320\273\321\214: \320\236\321\202\320\277\321\200\320\260\320\262\320\272\320\260 \320\272\320\276\320\274\320\260\320\275\320\264\321\213 ", 50) = 50
515   write(1, "4", 1)                  = 1
515   write(1, ": ", 2)                 = 2
515   write(1, "81 3 3", 6)             = 6
515   write(1, "\n", 1)                 = 1
515   write(5, "81 3 3", 6)             = 6
516   <... read resumed>"81 3 3", 1023) = 6
515   write(5, "\n", 1 <unfinished ...>
516   read(0,  <unfinished ...>
515   <... write resumed>)              = 1
516   <... read resumed>"\n", 1023)     = 1
515   clock_nanosleep(CLOCK_REALTIME, 0, {tv_sec=1, tv_nsec=0},  <unfinished ...>
516   read(0,  <unfinished ...>
515   <... clock_nanosleep resumed>0x7ffe89b38070) = 0
515   write(1, "\320\240\320\276\320\264\320\270\321\202\320\265\320\273\321\214: \320\236\321\202\320\277\321\200\320\260\320\262\320\272\320\260 \320\272\320\276\320\274\320\260\320\275\320\264\321\213 ", 50) = 50
515   write(1, "5", 1)                  = 1
515   write(1, ": ", 2)                 = 2
515   write(1, "120 10 3", 8)           = 8
515   write(1, "\n", 1)                 = 1
515   write(5, "120 10 3", 8)           = 8
516   <... read resumed>"120 10 3", 1023) = 8
515   write(5, "\n", 1 <unfinished ...>
516   read(0,  <unfinished ...>
515   <... write resumed>)              = 1
516   <... read resumed>"\n", 1023)     = 1
515   clock_nanosleep(CLOCK_REALTIME, 0, {tv_sec=1, tv_nsec=0},  <unfinished ...>
516   read(0,  <unfinished ...>
515   <... clock_nanosleep resumed>0x7ffe89b38070) = 0
515   read(3, "", 1023)                 = 0
515   close(5)                          = 0
516   <... read resumed>"", 1023)       = 0
515   close(3 <unfinished ...>
516   write(1, "\320\224\320\276\321\207\320\265\321\200\320\275\320\270\320\271: \320\227\320\260\320\262\320\265\321\200\321\210\320\265\320\275\320\270\320\265 \321\200\320\260\320\261\320\276\321\202\321\213\n", 52 <unfinished ...>
515   <... close resumed>)              = 0
516   <... write resumed>)              = 52
515   wait4(516,  <unfinished ...>
516   exit_group(0)                     = ?
516   +++ exited with 0 +++
515   <... wait4 resumed>[{WIFEXITED(s) && WEXITSTATUS(s) == 0}], 0, NULL) = 516
515   --- SIGCHLD {si_signo=SIGCHLD, si_code=CLD_EXITED, si_pid=516, si_uid=1000, si_status=0, si_utime=0, si_stime=0} ---
515   write(1, "\320\240\320\276\320\264\320\270\321\202\320\265\320\273\321\214: \320\224\320\276\321\207\320\265\321\200\320\275\320\270\320\271 \320\277\321\200\320\276\321\206\320\265\321\201\321\201 \320\267\320\260\320\262\320\265\321\200\321\210\320\265\320\275 \321\201 \320\272\320\276\320\264\320\276\320\274: ", 82) = 82
515   write(1, "0", 1)                  = 1
515   write(1, "\n", 1)                 = 1
515   write(1, "\320\240\320\276\320\264\320\270\321\202\320\265\320\273\321\214: \320\227\320\260\320\262\320\265\321\200\321\210\320\265\320\275\320\270\320\265 \321\200\320\260\320\261\320\276\321\202\321\213\n", 52) = 52
515   exit_group(0)                     = ?
515   +++ exited with 0 +++
